app/build/intermediates/manifest_merge_blame_file/debug/manifest-merger-blame-debug-report.txt
1<?xml version="1.0" encoding="utf-8"?>
2<manifest xmlns:android="http://schemas.android.com/apk/res/android"
3    package="com.example.wisebridge"
4    android:versionCode="1"
5    android:versionName="1.0" >
6
7    <uses-sdk
8        android:minSdkVersion="19"
8-->src\main\AndroidManifest.xml
9        android:targetSdkVersion="30" />
9-->src\main\AndroidManifest.xml
10
11    <uses-permission android:name="android.permission.WRITE_EXTERNAL_STORAGE" />
11-->src\main\AndroidManifest.xml:89:5-81
11-->src\main\AndroidManifest.xml:89:22-78
12
13    <!-- Although the *SdkVersion is captured in gradle build files, this is required for non gradle builds -->
14    <!-- <uses-sdk android:minSdkVersion="14"/> -->
15    <uses-permission android:name="android.permission.ACCESS_NETWORK_STATE" />
15-->[com.google.firebase:firebase-database:20.2.2] AndroidManifest.xml:24:5-79
15-->[com.google.firebase:firebase-database:20.2.2] AndroidManifest.xml:24:22-76
16    <uses-permission android:name="android.permission.INTERNET" />
16-->[com.google.firebase:firebase-database:20.2.2] AndroidManifest.xml:25:5-67
16-->[com.google.firebase:firebase-database:20.2.2] AndroidManifest.xml:25:22-64
17    <uses-permission android:name="android.permission.WAKE_LOCK" />
17-->[com.google.android.gms:play-services-measurement-api:21.3.0] AndroidManifest.xml:24:5-68
17-->[com.google.android.gms:play-services-measurement-api:21.3.0] AndroidManifest.xml:24:22-65
18    <uses-permission android:name="com.google.android.gms.permission.AD_ID" />
18-->[com.google.android.gms:play-services-measurement-api:21.3.0] AndroidManifest.xml:25:5-79
18-->[com.google.android.gms:play-services-measurement-api:21.3.0] AndroidManifest.xml:25:22-76
19    <uses-permission android:name="com.google.android.finsky.permission.BIND_GET_INSTALL_REFERRER_SERVICE" />
19-->[com.google.android.gms:play-services-measurement:21.3.0] AndroidManifest.xml:26:5-110
19-->[com.google.android.gms:play-services-measurement:21.3.0] AndroidManifest.xml:26:22-107
20
21    <application
21-->src\main\AndroidManifest.xml:5:5-88:19
22        android:allowBackup="true"
22-->src\main\AndroidManifest.xml:6:9-35
23        android:appComponentFactory="androidx.core.app.CoreComponentFactory"
23-->[androidx.core:core:1.3.1] AndroidManifest.xml:24:18-86
24        android:debuggable="true"
25        android:icon="@mipmap/ic_launcher"
25-->src\main\AndroidManifest.xml:7:9-43
26        android:label="@string/app_name"
26-->src\main\AndroidManifest.xml:8:9-41
27        android:roundIcon="@mipmap/ic_launcher_round"
27-->src\main\AndroidManifest.xml:9:9-54
28        android:supportsRtl="true"
28-->src\main\AndroidManifest.xml:10:9-35
29        android:testOnly="true"
30        android:theme="@style/Theme.WiseBridge" >
30-->src\main\AndroidManifest.xml:11:9-48
31        <activity android:name="com.example.wisebridge.MainActivity" >
31-->src\main\AndroidManifest.xml:13:9-20:20
31-->src\main\AndroidManifest.xml:13:19-47
32            <intent-filter>
32-->src\main\AndroidManifest.xml:14:13-19:29
33                <action
33-->src\main\AndroidManifest.xml:15:17-16:79
34                    android:name="android.intent.action.MAIN"
34-->src\main\AndroidManifest.xml:15:25-66
35                    android:theme="@style/Theme.AppCompat.Light.NoActionBar" />
35-->src\main\AndroidManifest.xml:16:21-77
36
37                <category android:name="android.intent.category.LAUNCHER" />
37-->src\main\AndroidManifest.xml:18:17-77
37-->src\main\AndroidManifest.xml:18:27-74
38            </intent-filter>
39        </activity>
40        <activity
40-->src\main\AndroidManifest.xml:21:9-26:20
41            android:name="com.example.wisebridge.Login"
41-->src\main\AndroidManifest.xml:22:13-56
42            android:label="LoginActivity"
42-->src\main\AndroidManifest.xml:23:13-42
43            android:theme="@style/Theme.AppCompat.Light.NoActionBar" >
43-->src\main\AndroidManifest.xml:24:13-69
44        </activity>
45        <activity
45-->src\main\AndroidManifest.xml:27:9-32:20
46            android:name="com.example.wisebridge.Registeration"
46-->src\main\AndroidManifest.xml:28:13-64
47            android:label="RegisterActivity"
47-->src\main\AndroidManifest.xml:29:13-45
48            android:theme="@style/Theme.AppCompat.Light.NoActionBar" >
48-->src\main\AndroidManifest.xml:30:13-69
49        </activity>
50        <activity
50-->src\main\AndroidManifest.xml:33:9-38:20
51            android:name="com.example.wisebridge.profile"
51-->src\main\AndroidManifest.xml:34:13-58
52            android:label="ProfileActivity"
52-->src\main\AndroidManifest.xml:35:13-44
53            android:theme="@style/Theme.AppCompat.Light.NoActionBar" >
53-->src\main\AndroidManifest.xml:36:13-69
54        </activity>
55        <activity
55-->src\main\AndroidManifest.xml:39:9-44:20
56            android:name="com.example.wisebridge.Adminhome"
56-->src\main\AndroidManifest.xml:40:13-60
57            android:label="AdminActivity"
57-->src\main\AndroidManifest.xml:41:13-42
58            android:theme="@style/Theme.AppCompat.Light.NoActionBar" >
58-->src\main\AndroidManifest.xml:42:13-69
59        </activity>
60        <activity
60-->src\main\AndroidManifest.xml:45:9-50:20
61            android:name="com.example.wisebridge.Homeuser"
61-->src\main\AndroidManifest.xml:46:13-59
62            android:label="HomeuserActivity"
62-->src\main\AndroidManifest.xml:47:13-45
63            android:theme="@style/Theme.AppCompat.Light.NoActionBar" >
63-->src\main\AndroidManifest.xml:48:13-69
64        </activity>
65        <activity
65-->src\main\AndroidManifest.xml:51:9-56:20
66            android:name="com.example.wisebridge.Homeexpert"
66-->src\main\AndroidManifest.xml:52:13-61
67            android:label="HomeexpertActivity"
67-->src\main\AndroidManifest.xml:53:13-47
68            android:theme="@style/Theme.AppCompat.Light.NoActionBar" >
68-->src\main\AndroidManifest.xml:54:13-69
69        </activity>
70        <activity
70-->src\main\AndroidManifest.xml:57:9-62:20
71            android:name="com.example.wisebridge.forgotpassword"
71-->src\main\AndroidManifest.xml:58:13-65
72            android:label="ForgotPasswordActivity"
72-->src\main\AndroidManifest.xml:59:13-51
73            android:theme="@style/Theme.AppCompat.Light.NoActionBar" >
73-->src\main\AndroidManifest.xml:60:13-69
74        </activity>
75        <activity
75-->src\main\AndroidManifest.xml:63:9-68:20
76            android:name="com.example.wisebridge.Subscriptions"
76-->src\main\AndroidManifest.xml:64:13-64
77            android:label="SubscriptionActivity"
77-->src\main\AndroidManifest.xml:65:13-49
78            android:theme="@style/Theme.AppCompat.Light.NoActionBar" >
78-->src\main\AndroidManifest.xml:66:13-69
79        </activity>
80        <activity
80-->src\main\AndroidManifest.xml:69:9-74:20
81            android:name="com.example.wisebridge.Reviewpage"
81-->src\main\AndroidManifest.xml:70:13-61
82            android:label="ReviewpageActivity"
82-->src\main\AndroidManifest.xml:71:13-47
83            android:theme="@style/Theme.AppCompat.Light.NoActionBar" >
83-->src\main\AndroidManifest.xml:72:13-69
84        </activity>
85        <activity
85-->src\main\AndroidManifest.xml:75:9-80:20
86            android:name="com.example.wisebridge.payment"
86-->src\main\AndroidManifest.xml:76:13-58
87            android:label="PaymentActivity"
87-->src\main\AndroidManifest.xml:77:13-44
88            android:theme="@style/Theme.AppCompat.Light.NoActionBar" >
88-->src\main\AndroidManifest.xml:78:13-69
89        </activity>
90        <activity
90-->src\main\AndroidManifest.xml:81:9-86:20
91            android:name="com.example.wisebridge.Verifyuserpayment"
91-->src\main\AndroidManifest.xml:82:13-68
92            android:label="VerifyPaymentActivity"
92-->src\main\AndroidManifest.xml:83:13-50
93            android:theme="@style/Theme.AppCompat.Light.NoActionBar" >
93-->src\main\AndroidManifest.xml:84:13-69
94        </activity>
95
96        <service
96-->[com.google.firebase:firebase-database:20.2.2] AndroidManifest.xml:28:9-34:19
97            android:name="com.google.firebase.components.ComponentDiscoveryService"
97-->[com.google.firebase:firebase-database:20.2.2] AndroidManifest.xml:29:13-84
98            android:directBootAware="true"
98-->[com.google.firebase:firebase-common:20.3.3] AndroidManifest.xml:34:13-43
99            android:exported="false" >
99-->[com.google.firebase:firebase-database:20.2.2] AndroidManifest.xml:30:13-37
100            <meta-data
100-->[com.google.firebase:firebase-database:20.2.2] AndroidManifest.xml:31:13-33:85
101                android:name="com.google.firebase.components:com.google.firebase.database.DatabaseRegistrar"
101-->[com.google.firebase:firebase-database:20.2.2] AndroidManifest.xml:32:17-109
102                android:value="com.google.firebase.components.ComponentRegistrar" />
102-->[com.google.firebase:firebase-database:20.2.2] AndroidManifest.xml:33:17-82
103            <meta-data
103-->[com.google.firebase:firebase-storage:20.2.1] AndroidManifest.xml:32:13-34:85
104                android:name="com.google.firebase.components:com.google.firebase.storage.StorageRegistrar"
104-->[com.google.firebase:firebase-storage:20.2.1] AndroidManifest.xml:33:17-107
105                android:value="com.google.firebase.components.ComponentRegistrar" />
105-->[com.google.firebase:firebase-storage:20.2.1] AndroidManifest.xml:34:17-82
106            <meta-data
106-->[com.google.android.gms:play-services-measurement-api:21.3.0] AndroidManifest.xml:31:13-33:85
107                android:name="com.google.firebase.components:com.google.firebase.analytics.connector.internal.AnalyticsConnectorRegistrar"
107-->[com.google.android.gms:play-services-measurement-api:21.3.0] AndroidManifest.xml:32:17-139
108                android:value="com.google.firebase.components.ComponentRegistrar" />
108-->[com.google.android.gms:play-services-measurement-api:21.3.0] AndroidManifest.xml:33:17-82
109            <meta-data
109-->[com.google.firebase:firebase-installations:17.1.3] AndroidManifest.xml:17:13-19:85
110                android:name="com.google.firebase.components:com.google.firebase.installations.FirebaseInstallationsRegistrar"
110-->[com.google.firebase:firebase-installations:17.1.3] AndroidManifest.xml:18:17-127
111                android:value="com.google.firebase.components.ComponentRegistrar" />
111-->[com.google.firebase:firebase-installations:17.1.3] AndroidManifest.xml:19:17-82
112        </service>
113
114        <provider
114-->[com.google.firebase:firebase-common:20.3.3] AndroidManifest.xml:25:9-30:39
115            android:name="com.google.firebase.provider.FirebaseInitProvider"
115-->[com.google.firebase:firebase-common:20.3.3] AndroidManifest.xml:26:13-77
116            android:authorities="com.example.wisebridge.firebaseinitprovider"
116-->[com.google.firebase:firebase-common:20.3.3] AndroidManifest.xml:27:13-72
117            android:directBootAware="true"
117-->[com.google.firebase:firebase-common:20.3.3] AndroidManifest.xml:28:13-43
118            android:exported="false"
118-->[com.google.firebase:firebase-common:20.3.3] AndroidManifest.xml:29:13-37
119            android:initOrder="100" />
119-->[com.google.firebase:firebase-common:20.3.3] AndroidManifest.xml:30:13-36
120
121        <activity
121-->[com.google.android.gms:play-services-base:18.1.0] AndroidManifest.xml:20:9-22:45
122            android:name="com.google.android.gms.common.api.GoogleApiActivity"
122-->[com.google.android.gms:play-services-base:18.1.0] AndroidManifest.xml:20:19-85
123            android:exported="false"
123-->[com.google.android.gms:play-services-base:18.1.0] AndroidManifest.xml:22:19-43
124            android:theme="@android:style/Theme.Translucent.NoTitleBar" />
124-->[com.google.android.gms:play-services-base:18.1.0] AndroidManifest.xml:21:19-78
125
126        <receiver
126-->[com.google.android.gms:play-services-measurement:21.3.0] AndroidManifest.xml:29:9-33:20
127            android:name="com.google.android.gms.measurement.AppMeasurementReceiver"
127-->[com.google.android.gms:play-services-measurement:21.3.0] AndroidManifest.xml:30:13-85
128            android:enabled="true"
128-->[com.google.android.gms:play-services-measurement:21.3.0] AndroidManifest.xml:31:13-35
129            android:exported="false" >
129-->[com.google.android.gms:play-services-measurement:21.3.0] AndroidManifest.xml:32:13-37
130        </receiver>
131
132        <service
132-->[com.google.android.gms:play-services-measurement:21.3.0] AndroidManifest.xml:35:9-38:40
133            android:name="com.google.android.gms.measurement.AppMeasurementService"
133-->[com.google.android.gms:play-services-measurement:21.3.0] AndroidManifest.xml:36:13-84
134            android:enabled="true"
134-->[com.google.android.gms:play-services-measurement:21.3.0] AndroidManifest.xml:37:13-35
135            android:exported="false" />
135-->[com.google.android.gms:play-services-measurement:21.3.0] AndroidManifest.xml:38:13-37
136        <service
136-->[com.google.android.gms:play-services-measurement:21.3.0] AndroidManifest.xml:39:9-43:72
137            android:name="com.google.android.gms.measurement.AppMeasurementJobService"
137-->[com.google.android.gms:play-services-measurement:21.3.0] AndroidManifest.xml:40:13-87
138            android:enabled="true"
138-->[com.google.android.gms:play-services-measurement:21.3.0] AndroidManifest.xml:41:13-35
139            android:exported="false"
139-->[com.google.android.gms:play-services-measurement:21.3.0] AndroidManifest.xml:42:13-37
140            android:permission="android.permission.BIND_JOB_SERVICE" />
140-->[com.google.android.gms:play-services-measurement:21.3.0] AndroidManifest.xml:43:13-69
141
142        <meta-data
142-->[com.google.android.gms:play-services-basement:18.1.0] AndroidManifest.xml:21:9-23:69
143            android:name="com.google.android.gms.version"
143-->[com.google.android.gms:play-services-basement:18.1.0] AndroidManifest.xml:22:13-58
144            android:value="@integer/google_play_services_version" />
144-->[com.google.android.gms:play-services-basement:18.1.0] AndroidManifest.xml:23:13-66
145    </application>
146
147</manifest>